<?xml version="1.0" encoding="UTF-8"?>
<!-- Generated by org.testng.reporters.JUnitXMLReporter -->
<testsuite hostname="HP" name="Default test" tests="31" failures="1" timestamp="24 Jan 2018 17:37:15 GMT" time="16.861" errors="0">
  <testcase name="brandType" time="3.699" classname="com.groupid.firstmavenproject.CCMApiTest"/>
  <testcase name="getcountry" time="0.533" classname="com.groupid.firstmavenproject.CCMApiTest"/>
  <testcase name="categoryType" time="0.421" classname="com.groupid.firstmavenproject.CCMApiTest"/>
  <testcase name="submitFeedback" time="0.427" classname="com.groupid.firstmavenproject.CCMApiTest"/>
  <testcase name="registerUser" time="0.285" classname="com.groupid.firstmavenproject.CCMApiTest">
    <failure type="java.lang.AssertionError" message="expected [200] but found [400]">
      <![CDATA[java.lang.AssertionError: expected [200] but found [400]
	at org.testng.Assert.fail(Assert.java:94)
	at org.testng.Assert.failNotEquals(Assert.java:494)
	at org.testng.Assert.assertEquals(Assert.java:123)
	at org.testng.Assert.assertEquals(Assert.java:370)
	at org.testng.Assert.assertEquals(Assert.java:380)
	at com.groupid.firstmavenproject.CCMApiTest.registerUser(CCMApiTest.java:163)
	at sun.reflect.NativeMethodAccessorImpl.invoke0(Native Method)
	at sun.reflect.NativeMethodAccessorImpl.invoke(Unknown Source)
	at sun.reflect.DelegatingMethodAccessorImpl.invoke(Unknown Source)
	at java.lang.reflect.Method.invoke(Unknown Source)
	at org.testng.internal.MethodInvocationHelper.invokeMethod(MethodInvocationHelper.java:84)
	at org.testng.internal.Invoker.invokeMethod(Invoker.java:714)
	at org.testng.internal.Invoker.invokeTestMethod(Invoker.java:901)
	at org.testng.internal.Invoker.invokeTestMethods(Invoker.java:1231)
	at org.testng.internal.TestMethodWorker.invokeTestMethods(TestMethodWorker.java:127)
	at org.testng.internal.TestMethodWorker.run(TestMethodWorker.java:111)
	at org.testng.TestRunner.privateRun(TestRunner.java:767)
	at org.testng.TestRunner.run(TestRunner.java:617)
	at org.testng.SuiteRunner.runTest(SuiteRunner.java:348)
	at org.testng.SuiteRunner.runSequentially(SuiteRunner.java:343)
	at org.testng.SuiteRunner.privateRun(SuiteRunner.java:305)
	at org.testng.SuiteRunner.run(SuiteRunner.java:254)
	at org.testng.SuiteRunnerWorker.runSuite(SuiteRunnerWorker.java:52)
	at org.testng.SuiteRunnerWorker.run(SuiteRunnerWorker.java:86)
	at org.testng.TestNG.runSuitesSequentially(TestNG.java:1224)
	at org.testng.TestNG.runSuitesLocally(TestNG.java:1149)
	at org.testng.TestNG.run(TestNG.java:1057)
	at org.testng.remote.AbstractRemoteTestNG.run(AbstractRemoteTestNG.java:114)
	at org.testng.remote.RemoteTestNG.initAndRun(RemoteTestNG.java:251)
	at org.testng.remote.RemoteTestNG.main(RemoteTestNG.java:77)
]]>
    </failure>
  </testcase> <!-- registerUser -->
  <testcase name="ccmLogin" time="1.64" classname="com.groupid.firstmavenproject.CCMApiTest"/>
  <testcase name="myRewards" time="0.382" classname="com.groupid.firstmavenproject.CCMApiTest"/>
  <testcase name="updatedevicedetails" time="0.282" classname="com.groupid.firstmavenproject.CCMApiTest"/>
  <testcase name="forgotpassword" time="0.359" classname="com.groupid.firstmavenproject.CCMApiTest"/>
  <testcase name="myprofile" time="0.475" classname="com.groupid.firstmavenproject.CCMApiTest"/>
  <testcase name="updateprofile" time="0.344" classname="com.groupid.firstmavenproject.CCMApiTest"/>
  <testcase name="changepassword" time="0.45" classname="com.groupid.firstmavenproject.CCMApiTest"/>
  <testcase name="sendverificationlink" time="0.313" classname="com.groupid.firstmavenproject.CCMApiTest"/>
  <testcase name="productlist" time="0.312" classname="com.groupid.firstmavenproject.CCMApiTest"/>
  <testcase name="productimage" time="0.39" classname="com.groupid.firstmavenproject.CCMApiTest"/>
  <testcase name="basicpages" time="0.618" classname="com.groupid.firstmavenproject.CCMApiTest"/>
  <testcase name="getfeedbacktype" time="0.283" classname="com.groupid.firstmavenproject.CCMApiTest"/>
  <testcase name="giftdetail" time="0.371" classname="com.groupid.firstmavenproject.CCMApiTest"/>
  <testcase name="mypoints" time="0.342" classname="com.groupid.firstmavenproject.CCMApiTest"/>
  <testcase name="mygifts" time="0.352" classname="com.groupid.firstmavenproject.CCMApiTest"/>
  <testcase name="advertisementsdetail" time="0.295" classname="com.groupid.firstmavenproject.CCMApiTest"/>
  <testcase name="advertisementsdelete" time="0.273" classname="com.groupid.firstmavenproject.CCMApiTest"/>
  <testcase name="promotionlist" time="0.353" classname="com.groupid.firstmavenproject.CCMApiTest"/>
  <testcase name="promotionproductlist" time="0.308" classname="com.groupid.firstmavenproject.CCMApiTest"/>
  <testcase name="userpoint" time="0.317" classname="com.groupid.firstmavenproject.CCMApiTest"/>
  <testcase name="usergiftlist" time="0.317" classname="com.groupid.firstmavenproject.CCMApiTest"/>
  <testcase name="productstore" time="0.283" classname="com.groupid.firstmavenproject.CCMApiTest"/>
  <testcase name="advertisementgetproduct" time="0.298" classname="com.groupid.firstmavenproject.CCMApiTest"/>
  <testcase name="randomadvertisement" time="0.313" classname="com.groupid.firstmavenproject.CCMApiTest"/>
  <testcase name="advertisementlist" time="0.297" classname="com.groupid.firstmavenproject.CCMApiTest"/>
  <testcase name="logOut" time="0.36" classname="com.groupid.firstmavenproject.CCMApiTest"/>
</testsuite> <!-- Default test -->
